0 info it worked if it ends with ok
1 verbose cli [ 'C:\\Program Files\\nodejs\\node.exe',
1 verbose cli   'C:\\Program Files\\nodejs\\node_modules\\npm\\bin\\npm-cli.js',
1 verbose cli   'install',
1 verbose cli   'bcrypt',
1 verbose cli   '--save' ]
2 info using npm@3.10.3
3 info using node@v6.3.1
4 silly loadCurrentTree Starting
5 silly install loadCurrentTree
6 silly install readLocalPackageData
7 silly fetchPackageMetaData bcrypt
8 silly fetchNamedPackageData bcrypt
9 silly mapToRegistry name bcrypt
10 silly mapToRegistry using default registry
11 silly mapToRegistry registry https://registry.npmjs.org/
12 silly mapToRegistry data Result {
12 silly mapToRegistry   raw: 'bcrypt',
12 silly mapToRegistry   scope: null,
12 silly mapToRegistry   escapedName: 'bcrypt',
12 silly mapToRegistry   name: 'bcrypt',
12 silly mapToRegistry   rawSpec: '',
12 silly mapToRegistry   spec: 'latest',
12 silly mapToRegistry   type: 'tag' }
13 silly mapToRegistry uri https://registry.npmjs.org/bcrypt
14 verbose request uri https://registry.npmjs.org/bcrypt
15 verbose request no auth needed
16 info attempt registry request try #1 at 18:11:16
17 verbose request id f3ba7e68fafa413f
18 verbose etag "398F192FUE7FBCG521B59OFYJ"
19 http request GET https://registry.npmjs.org/bcrypt
20 http 304 https://registry.npmjs.org/bcrypt
21 verbose headers { date: 'Thu, 01 Sep 2016 10:11:17 GMT',
21 verbose headers   via: '1.1 varnish',
21 verbose headers   'cache-control': 'max-age=300',
21 verbose headers   etag: '"398F192FUE7FBCG521B59OFYJ"',
21 verbose headers   age: '0',
21 verbose headers   connection: 'keep-alive',
21 verbose headers   'x-served-by': 'cache-itm7427-ITM',
21 verbose headers   'x-cache': 'HIT',
21 verbose headers   'x-cache-hits': '1',
21 verbose headers   'x-timer': 'S1472724677.931521,VS0,VE745',
21 verbose headers   vary: 'Accept-Encoding' }
22 silly get cb [ 304,
22 silly get   { date: 'Thu, 01 Sep 2016 10:11:17 GMT',
22 silly get     via: '1.1 varnish',
22 silly get     'cache-control': 'max-age=300',
22 silly get     etag: '"398F192FUE7FBCG521B59OFYJ"',
22 silly get     age: '0',
22 silly get     connection: 'keep-alive',
22 silly get     'x-served-by': 'cache-itm7427-ITM',
22 silly get     'x-cache': 'HIT',
22 silly get     'x-cache-hits': '1',
22 silly get     'x-timer': 'S1472724677.931521,VS0,VE745',
22 silly get     vary: 'Accept-Encoding' } ]
23 verbose etag https://registry.npmjs.org/bcrypt from cache
24 verbose get saving bcrypt to C:\Users\zhangpeng\AppData\Roaming\npm-cache\registry.npmjs.org\bcrypt\.cache.json
25 verbose correctMkdir C:\Users\zhangpeng\AppData\Roaming\npm-cache correctMkdir not in flight; initializing
26 silly install normalizeTree
27 silly loadCurrentTree Finishing
28 silly loadIdealTree Starting
29 silly install loadIdealTree
30 silly cloneCurrentTree Starting
31 silly install cloneCurrentTreeToIdealTree
32 silly cloneCurrentTree Finishing
33 silly loadShrinkwrap Starting
34 silly install loadShrinkwrap
35 silly loadShrinkwrap Finishing
36 silly loadAllDepsIntoIdealTree Starting
37 silly install loadAllDepsIntoIdealTree
38 silly resolveWithNewModule bcrypt@0.8.7 checking installable status
39 silly cache add args [ 'bcrypt', null ]
40 verbose cache add spec bcrypt
41 silly cache add parsed spec Result {
41 silly cache add   raw: 'bcrypt',
41 silly cache add   scope: null,
41 silly cache add   escapedName: 'bcrypt',
41 silly cache add   name: 'bcrypt',
41 silly cache add   rawSpec: '',
41 silly cache add   spec: 'latest',
41 silly cache add   type: 'tag' }
42 silly addNamed bcrypt@latest
43 verbose addNamed "latest" is being treated as a dist-tag for bcrypt
44 info addNameTag [ 'bcrypt', 'latest' ]
45 silly mapToRegistry name bcrypt
46 silly mapToRegistry using default registry
47 silly mapToRegistry registry https://registry.npmjs.org/
48 silly mapToRegistry data Result {
48 silly mapToRegistry   raw: 'bcrypt',
48 silly mapToRegistry   scope: null,
48 silly mapToRegistry   escapedName: 'bcrypt',
48 silly mapToRegistry   name: 'bcrypt',
48 silly mapToRegistry   rawSpec: '',
48 silly mapToRegistry   spec: 'latest',
48 silly mapToRegistry   type: 'tag' }
49 silly mapToRegistry uri https://registry.npmjs.org/bcrypt
50 verbose addNameTag registry:https://registry.npmjs.org/bcrypt not in flight; fetching
51 verbose get https://registry.npmjs.org/bcrypt not expired, no request
52 silly addNameTag next cb for bcrypt with tag latest
53 silly addNamed bcrypt@0.8.7
54 verbose addNamed "0.8.7" is a plain semver version for bcrypt
55 silly cache afterAdd bcrypt@0.8.7
56 verbose afterAdd C:\Users\zhangpeng\AppData\Roaming\npm-cache\bcrypt\0.8.7\package\package.json not in flight; writing
57 verbose correctMkdir C:\Users\zhangpeng\AppData\Roaming\npm-cache correctMkdir not in flight; initializing
58 verbose afterAdd C:\Users\zhangpeng\AppData\Roaming\npm-cache\bcrypt\0.8.7\package\package.json written
59 silly fetchNamedPackageData bindings
60 silly mapToRegistry name bindings
61 silly mapToRegistry using default registry
62 silly mapToRegistry registry https://registry.npmjs.org/
63 silly mapToRegistry data Result {
63 silly mapToRegistry   raw: 'bindings',
63 silly mapToRegistry   scope: null,
63 silly mapToRegistry   escapedName: 'bindings',
63 silly mapToRegistry   name: 'bindings',
63 silly mapToRegistry   rawSpec: '',
63 silly mapToRegistry   spec: 'latest',
63 silly mapToRegistry   type: 'tag' }
64 silly mapToRegistry uri https://registry.npmjs.org/bindings
65 silly fetchNamedPackageData nan
66 silly mapToRegistry name nan
67 silly mapToRegistry using default registry
68 silly mapToRegistry registry https://registry.npmjs.org/
69 silly mapToRegistry data Result {
69 silly mapToRegistry   raw: 'nan',
69 silly mapToRegistry   scope: null,
69 silly mapToRegistry   escapedName: 'nan',
69 silly mapToRegistry   name: 'nan',
69 silly mapToRegistry   rawSpec: '',
69 silly mapToRegistry   spec: 'latest',
69 silly mapToRegistry   type: 'tag' }
70 silly mapToRegistry uri https://registry.npmjs.org/nan
71 verbose request uri https://registry.npmjs.org/bindings
72 verbose request no auth needed
73 info attempt registry request try #1 at 18:11:18
74 verbose etag "33TX4J3DNTGF7K41ZUV6OA182"
75 http request GET https://registry.npmjs.org/bindings
76 verbose request uri https://registry.npmjs.org/nan
77 verbose request no auth needed
78 info attempt registry request try #1 at 18:11:18
79 verbose etag "1OOZJAUMBQC59OINHZGMRRCSL"
80 http request GET https://registry.npmjs.org/nan
81 http 304 https://registry.npmjs.org/bindings
82 verbose headers { date: 'Thu, 01 Sep 2016 10:11:18 GMT',
82 verbose headers   via: '1.1 varnish',
82 verbose headers   'cache-control': 'max-age=300',
82 verbose headers   etag: '"33TX4J3DNTGF7K41ZUV6OA182"',
82 verbose headers   age: '240',
82 verbose headers   connection: 'keep-alive',
82 verbose headers   'x-served-by': 'cache-itm7427-ITM',
82 verbose headers   'x-cache': 'HIT',
82 verbose headers   'x-cache-hits': '2',
82 verbose headers   'x-timer': 'S1472724678.891847,VS0,VE0',
82 verbose headers   vary: 'Accept-Encoding' }
83 silly get cb [ 304,
83 silly get   { date: 'Thu, 01 Sep 2016 10:11:18 GMT',
83 silly get     via: '1.1 varnish',
83 silly get     'cache-control': 'max-age=300',
83 silly get     etag: '"33TX4J3DNTGF7K41ZUV6OA182"',
83 silly get     age: '240',
83 silly get     connection: 'keep-alive',
83 silly get     'x-served-by': 'cache-itm7427-ITM',
83 silly get     'x-cache': 'HIT',
83 silly get     'x-cache-hits': '2',
83 silly get     'x-timer': 'S1472724678.891847,VS0,VE0',
83 silly get     vary: 'Accept-Encoding' } ]
84 verbose etag https://registry.npmjs.org/bindings from cache
85 verbose get saving bindings to C:\Users\zhangpeng\AppData\Roaming\npm-cache\registry.npmjs.org\bindings\.cache.json
86 verbose correctMkdir C:\Users\zhangpeng\AppData\Roaming\npm-cache correctMkdir not in flight; initializing
87 silly resolveWithNewModule bindings@1.2.1 checking installable status
88 silly cache add args [ 'bindings@1.2.1', null ]
89 verbose cache add spec bindings@1.2.1
90 silly cache add parsed spec Result {
90 silly cache add   raw: 'bindings@1.2.1',
90 silly cache add   scope: null,
90 silly cache add   escapedName: 'bindings',
90 silly cache add   name: 'bindings',
90 silly cache add   rawSpec: '1.2.1',
90 silly cache add   spec: '1.2.1',
90 silly cache add   type: 'version' }
91 silly addNamed bindings@1.2.1
92 verbose addNamed "1.2.1" is a plain semver version for bindings
93 silly mapToRegistry name bindings
94 silly mapToRegistry using default registry
95 silly mapToRegistry registry https://registry.npmjs.org/
96 silly mapToRegistry data Result {
96 silly mapToRegistry   raw: 'bindings',
96 silly mapToRegistry   scope: null,
96 silly mapToRegistry   escapedName: 'bindings',
96 silly mapToRegistry   name: 'bindings',
96 silly mapToRegistry   rawSpec: '',
96 silly mapToRegistry   spec: 'latest',
96 silly mapToRegistry   type: 'tag' }
97 silly mapToRegistry uri https://registry.npmjs.org/bindings
98 verbose addNameVersion registry:https://registry.npmjs.org/bindings not in flight; fetching
99 verbose get https://registry.npmjs.org/bindings not expired, no request
100 silly cache afterAdd bindings@1.2.1
101 verbose afterAdd C:\Users\zhangpeng\AppData\Roaming\npm-cache\bindings\1.2.1\package\package.json not in flight; writing
102 verbose correctMkdir C:\Users\zhangpeng\AppData\Roaming\npm-cache correctMkdir not in flight; initializing
103 verbose afterAdd C:\Users\zhangpeng\AppData\Roaming\npm-cache\bindings\1.2.1\package\package.json written
104 http 304 https://registry.npmjs.org/nan
105 verbose headers { date: 'Thu, 01 Sep 2016 10:11:19 GMT',
105 verbose headers   via: '1.1 varnish',
105 verbose headers   'cache-control': 'max-age=300',
105 verbose headers   etag: '"1OOZJAUMBQC59OINHZGMRRCSL"',
105 verbose headers   age: '152',
105 verbose headers   connection: 'keep-alive',
105 verbose headers   'x-served-by': 'cache-itm7426-ITM',
105 verbose headers   'x-cache': 'HIT',
105 verbose headers   'x-cache-hits': '3',
105 verbose headers   'x-timer': 'S1472724679.043130,VS0,VE0',
105 verbose headers   vary: 'Accept-Encoding' }
106 silly get cb [ 304,
106 silly get   { date: 'Thu, 01 Sep 2016 10:11:19 GMT',
106 silly get     via: '1.1 varnish',
106 silly get     'cache-control': 'max-age=300',
106 silly get     etag: '"1OOZJAUMBQC59OINHZGMRRCSL"',
106 silly get     age: '152',
106 silly get     connection: 'keep-alive',
106 silly get     'x-served-by': 'cache-itm7426-ITM',
106 silly get     'x-cache': 'HIT',
106 silly get     'x-cache-hits': '3',
106 silly get     'x-timer': 'S1472724679.043130,VS0,VE0',
106 silly get     vary: 'Accept-Encoding' } ]
107 verbose etag https://registry.npmjs.org/nan from cache
108 verbose get saving nan to C:\Users\zhangpeng\AppData\Roaming\npm-cache\registry.npmjs.org\nan\.cache.json
109 verbose correctMkdir C:\Users\zhangpeng\AppData\Roaming\npm-cache correctMkdir not in flight; initializing
110 silly resolveWithNewModule nan@2.3.5 checking installable status
111 silly cache add args [ 'nan@2.3.5', null ]
112 verbose cache add spec nan@2.3.5
113 silly cache add parsed spec Result {
113 silly cache add   raw: 'nan@2.3.5',
113 silly cache add   scope: null,
113 silly cache add   escapedName: 'nan',
113 silly cache add   name: 'nan',
113 silly cache add   rawSpec: '2.3.5',
113 silly cache add   spec: '2.3.5',
113 silly cache add   type: 'version' }
114 silly addNamed nan@2.3.5
115 verbose addNamed "2.3.5" is a plain semver version for nan
116 silly mapToRegistry name nan
117 silly mapToRegistry using default registry
118 silly mapToRegistry registry https://registry.npmjs.org/
119 silly mapToRegistry data Result {
119 silly mapToRegistry   raw: 'nan',
119 silly mapToRegistry   scope: null,
119 silly mapToRegistry   escapedName: 'nan',
119 silly mapToRegistry   name: 'nan',
119 silly mapToRegistry   rawSpec: '',
119 silly mapToRegistry   spec: 'latest',
119 silly mapToRegistry   type: 'tag' }
120 silly mapToRegistry uri https://registry.npmjs.org/nan
121 verbose addNameVersion registry:https://registry.npmjs.org/nan not in flight; fetching
122 verbose get https://registry.npmjs.org/nan not expired, no request
123 silly cache afterAdd nan@2.3.5
124 verbose afterAdd C:\Users\zhangpeng\AppData\Roaming\npm-cache\nan\2.3.5\package\package.json not in flight; writing
125 verbose correctMkdir C:\Users\zhangpeng\AppData\Roaming\npm-cache correctMkdir not in flight; initializing
126 verbose afterAdd C:\Users\zhangpeng\AppData\Roaming\npm-cache\nan\2.3.5\package\package.json written
127 silly loadAllDepsIntoIdealTree Finishing
128 silly loadIdealTree Finishing
129 silly currentTree shoutbox@0.0.0
129 silly currentTree +-- double-ended-queue@2.1.0-0
129 silly currentTree +-- redis-commands@1.2.0
129 silly currentTree +-- redis-parser@2.0.4
129 silly currentTree `-- redis@2.6.2
130 silly idealTree shoutbox@0.0.0
130 silly idealTree +-- bcrypt@0.8.7
130 silly idealTree +-- bindings@1.2.1
130 silly idealTree +-- double-ended-queue@2.1.0-0
130 silly idealTree +-- nan@2.3.5
130 silly idealTree +-- redis-commands@1.2.0
130 silly idealTree +-- redis-parser@2.0.4
130 silly idealTree `-- redis@2.6.2
131 silly generateActionsToTake Starting
132 silly install generateActionsToTake
133 silly generateActionsToTake Finishing
134 silly diffTrees action count 3
135 silly diffTrees add bindings@1.2.1
136 silly diffTrees add nan@2.3.5
137 silly diffTrees add bcrypt@0.8.7
138 silly decomposeActions action count 24
139 silly decomposeActions fetch bindings@1.2.1
140 silly decomposeActions extract bindings@1.2.1
141 silly decomposeActions test bindings@1.2.1
142 silly decomposeActions preinstall bindings@1.2.1
143 silly decomposeActions build bindings@1.2.1
144 silly decomposeActions install bindings@1.2.1
145 silly decomposeActions postinstall bindings@1.2.1
146 silly decomposeActions finalize bindings@1.2.1
147 silly decomposeActions fetch nan@2.3.5
148 silly decomposeActions extract nan@2.3.5
149 silly decomposeActions test nan@2.3.5
150 silly decomposeActions preinstall nan@2.3.5
151 silly decomposeActions build nan@2.3.5
152 silly decomposeActions install nan@2.3.5
153 silly decomposeActions postinstall nan@2.3.5
154 silly decomposeActions finalize nan@2.3.5
155 silly decomposeActions fetch bcrypt@0.8.7
156 silly decomposeActions extract bcrypt@0.8.7
157 silly decomposeActions test bcrypt@0.8.7
158 silly decomposeActions preinstall bcrypt@0.8.7
159 silly decomposeActions build bcrypt@0.8.7
160 silly decomposeActions install bcrypt@0.8.7
161 silly decomposeActions postinstall bcrypt@0.8.7
162 silly decomposeActions finalize bcrypt@0.8.7
163 silly executeActions Starting
164 silly install executeActions
165 silly doSerial global-install 0
166 silly doParallel fetch 3
167 verbose correctMkdir C:\Users\zhangpeng\AppData\Roaming\npm-cache\_locks correctMkdir not in flight; initializing
168 verbose lock using C:\Users\zhangpeng\AppData\Roaming\npm-cache\_locks\staging-cae44c4110afb2b3.lock for D:\Demo\Nodejs\shoutbox\node_modules\.staging
169 silly doParallel extract 3
170 silly extract bindings@1.2.1
171 silly extract nan@2.3.5
172 silly extract bcrypt@0.8.7
173 verbose unbuild node_modules\.staging\nan-9859a8ab
174 verbose unbuild node_modules\.staging\bindings-e6301ed4
175 verbose unbuild node_modules\.staging\bcrypt-f32c671a
176 silly gentlyRm D:\Demo\Nodejs\shoutbox\node_modules\.staging\nan-9859a8ab is being purged from base D:\Demo\Nodejs\shoutbox
177 verbose gentlyRm don't care about contents; nuking D:\Demo\Nodejs\shoutbox\node_modules\.staging\nan-9859a8ab
178 silly gentlyRm D:\Demo\Nodejs\shoutbox\node_modules\.staging\bindings-e6301ed4 is being purged from base D:\Demo\Nodejs\shoutbox
179 verbose gentlyRm don't care about contents; nuking D:\Demo\Nodejs\shoutbox\node_modules\.staging\bindings-e6301ed4
180 silly gentlyRm D:\Demo\Nodejs\shoutbox\node_modules\.staging\bcrypt-f32c671a is being purged from base D:\Demo\Nodejs\shoutbox
181 verbose gentlyRm don't care about contents; nuking D:\Demo\Nodejs\shoutbox\node_modules\.staging\bcrypt-f32c671a
182 verbose tar unpack C:\Users\zhangpeng\AppData\Roaming\npm-cache\nan\2.3.5\package.tgz
183 verbose tar unpacking to D:\Demo\Nodejs\shoutbox\node_modules\.staging\nan-9859a8ab
184 silly gentlyRm D:\Demo\Nodejs\shoutbox\node_modules\.staging\nan-9859a8ab is being purged
185 verbose gentlyRm don't care about contents; nuking D:\Demo\Nodejs\shoutbox\node_modules\.staging\nan-9859a8ab
186 verbose tar unpack C:\Users\zhangpeng\AppData\Roaming\npm-cache\bindings\1.2.1\package.tgz
187 verbose tar unpacking to D:\Demo\Nodejs\shoutbox\node_modules\.staging\bindings-e6301ed4
188 silly gentlyRm D:\Demo\Nodejs\shoutbox\node_modules\.staging\bindings-e6301ed4 is being purged
189 verbose gentlyRm don't care about contents; nuking D:\Demo\Nodejs\shoutbox\node_modules\.staging\bindings-e6301ed4
190 verbose tar unpack C:\Users\zhangpeng\AppData\Roaming\npm-cache\bcrypt\0.8.7\package.tgz
191 verbose tar unpacking to D:\Demo\Nodejs\shoutbox\node_modules\.staging\bcrypt-f32c671a
192 silly gentlyRm D:\Demo\Nodejs\shoutbox\node_modules\.staging\bcrypt-f32c671a is being purged
193 verbose gentlyRm don't care about contents; nuking D:\Demo\Nodejs\shoutbox\node_modules\.staging\bcrypt-f32c671a
194 silly gunzTarPerm modes [ '777', '666' ]
195 silly gunzTarPerm modes [ '777', '666' ]
196 silly gunzTarPerm modes [ '777', '666' ]
197 silly gunzTarPerm extractEntry package.json
198 silly gunzTarPerm modified mode [ 'package.json', 420, 438 ]
199 silly gunzTarPerm extractEntry package.json
200 silly gunzTarPerm modified mode [ 'package.json', 420, 438 ]
201 silly gunzTarPerm extractEntry package.json
202 silly gunzTarPerm modified mode [ 'package.json', 436, 438 ]
203 silly gunzTarPerm extractEntry README.md
204 silly gunzTarPerm modified mode [ 'README.md', 436, 438 ]
205 silly gunzTarPerm extractEntry include_dirs.js
206 silly gunzTarPerm modified mode [ 'include_dirs.js', 436, 438 ]
207 silly gunzTarPerm extractEntry README.md
208 silly gunzTarPerm modified mode [ 'README.md', 420, 438 ]
209 silly gunzTarPerm extractEntry bindings.js
210 silly gunzTarPerm modified mode [ 'bindings.js', 420, 438 ]
211 silly gunzTarPerm extractEntry .npmignore
212 silly gunzTarPerm modified mode [ '.npmignore', 420, 438 ]
213 silly gunzTarPerm extractEntry README.md
214 silly gunzTarPerm modified mode [ 'README.md', 420, 438 ]
215 silly gunzTarPerm extractEntry nan_converters.h
216 silly gunzTarPerm modified mode [ 'nan_converters.h', 436, 438 ]
217 silly gunzTarPerm extractEntry LICENSE.md
218 silly gunzTarPerm modified mode [ 'LICENSE.md', 436, 438 ]
219 silly gunzTarPerm extractEntry doc/node_misc.md
220 silly gunzTarPerm modified mode [ 'doc/node_misc.md', 436, 438 ]
221 silly gunzTarPerm extractEntry LICENSE
222 silly gunzTarPerm modified mode [ 'LICENSE', 420, 438 ]
223 silly gunzTarPerm extractEntry bcrypt.js
224 silly gunzTarPerm modified mode [ 'bcrypt.js', 420, 438 ]
225 silly gunzTarPerm extractEntry Makefile
226 silly gunzTarPerm modified mode [ 'Makefile', 420, 438 ]
227 silly gunzTarPerm extractEntry .travis.yml
228 silly gunzTarPerm modified mode [ '.travis.yml', 420, 438 ]
229 silly gunzTarPerm extractEntry CHANGELOG.md
230 silly gunzTarPerm modified mode [ 'CHANGELOG.md', 420, 438 ]
231 silly gunzTarPerm extractEntry binding.gyp
232 silly gunzTarPerm modified mode [ 'binding.gyp', 420, 438 ]
233 silly gunzTarPerm extractEntry examples/async_compare.js
234 silly gunzTarPerm modified mode [ 'examples/async_compare.js', 420, 438 ]
235 silly gunzTarPerm extractEntry examples/forever_gen_salt.js
236 silly gunzTarPerm modified mode [ 'examples/forever_gen_salt.js', 420, 438 ]
237 silly gunzTarPerm extractEntry test/async.js
238 silly gunzTarPerm modified mode [ 'test/async.js', 420, 438 ]
239 silly gunzTarPerm extractEntry test/repetitions.js
240 silly gunzTarPerm modified mode [ 'test/repetitions.js', 420, 438 ]
241 silly gunzTarPerm extractEntry test/sync.js
242 silly gunzTarPerm modified mode [ 'test/sync.js', 420, 438 ]
243 silly gunzTarPerm extractEntry ISSUE_TEMPLATE.md
244 silly gunzTarPerm modified mode [ 'ISSUE_TEMPLATE.md', 420, 438 ]
245 silly gunzTarPerm extractEntry src/bcrypt.cc
246 silly gunzTarPerm modified mode [ 'src/bcrypt.cc', 420, 438 ]
247 silly gunzTarPerm extractEntry src/bcrypt_node.cc
248 silly gunzTarPerm modified mode [ 'src/bcrypt_node.cc', 420, 438 ]
249 silly gunzTarPerm extractEntry src/blowfish.cc
250 silly gunzTarPerm modified mode [ 'src/blowfish.cc', 420, 438 ]
251 silly gunzTarPerm extractEntry src/node_blf.h
252 silly gunzTarPerm modified mode [ 'src/node_blf.h', 420, 438 ]
253 silly gunzTarPerm extractEntry werker.yml
254 silly gunzTarPerm modified mode [ 'werker.yml', 420, 438 ]
255 silly gunzTarPerm extractEntry doc/asyncworker.md
256 silly gunzTarPerm modified mode [ 'doc/asyncworker.md', 436, 438 ]
257 silly gunzTarPerm extractEntry doc/callback.md
258 silly gunzTarPerm modified mode [ 'doc/callback.md', 436, 438 ]
259 silly gunzTarPerm extractEntry doc/converters.md
260 silly gunzTarPerm modified mode [ 'doc/converters.md', 436, 438 ]
261 silly gunzTarPerm extractEntry doc/errors.md
262 silly gunzTarPerm modified mode [ 'doc/errors.md', 436, 438 ]
263 silly gunzTarPerm extractEntry doc/maybe_types.md
264 silly gunzTarPerm modified mode [ 'doc/maybe_types.md', 436, 438 ]
265 silly gunzTarPerm extractEntry doc/methods.md
266 silly gunzTarPerm modified mode [ 'doc/methods.md', 436, 438 ]
267 silly gunzTarPerm extractEntry doc/new.md
268 silly gunzTarPerm modified mode [ 'doc/new.md', 436, 438 ]
269 silly gentlyRm D:\Demo\Nodejs\shoutbox\node_modules\.staging\bindings-e6301ed4\node_modules is being purged
270 verbose gentlyRm don't care about contents; nuking D:\Demo\Nodejs\shoutbox\node_modules\.staging\bindings-e6301ed4\node_modules
271 silly gunzTarPerm extractEntry doc/buffers.md
272 silly gunzTarPerm modified mode [ 'doc/buffers.md', 436, 438 ]
273 silly gunzTarPerm extractEntry doc/object_wrappers.md
274 silly gunzTarPerm modified mode [ 'doc/object_wrappers.md', 436, 438 ]
275 silly gunzTarPerm extractEntry doc/persistent.md
276 silly gunzTarPerm modified mode [ 'doc/persistent.md', 436, 438 ]
277 silly gunzTarPerm extractEntry doc/scopes.md
278 silly gunzTarPerm modified mode [ 'doc/scopes.md', 436, 438 ]
279 silly gunzTarPerm extractEntry doc/script.md
280 silly gunzTarPerm modified mode [ 'doc/script.md', 436, 438 ]
281 silly gunzTarPerm extractEntry doc/string_bytes.md
282 silly gunzTarPerm modified mode [ 'doc/string_bytes.md', 436, 438 ]
283 silly gunzTarPerm extractEntry doc/v8_internals.md
284 silly gunzTarPerm modified mode [ 'doc/v8_internals.md', 436, 438 ]
285 silly gunzTarPerm extractEntry doc/v8_misc.md
286 silly gunzTarPerm modified mode [ 'doc/v8_misc.md', 436, 438 ]
287 silly gunzTarPerm extractEntry nan.h
288 silly gunzTarPerm modified mode [ 'nan.h', 436, 438 ]
289 silly gunzTarPerm extractEntry nan_callbacks.h
290 silly gunzTarPerm modified mode [ 'nan_callbacks.h', 436, 438 ]
291 silly gunzTarPerm extractEntry nan_callbacks_12_inl.h
292 silly gunzTarPerm modified mode [ 'nan_callbacks_12_inl.h', 436, 438 ]
293 silly gunzTarPerm extractEntry nan_callbacks_pre_12_inl.h
294 silly gunzTarPerm modified mode [ 'nan_callbacks_pre_12_inl.h', 436, 438 ]
295 silly gunzTarPerm extractEntry nan_converters_43_inl.h
296 silly gunzTarPerm modified mode [ 'nan_converters_43_inl.h', 436, 438 ]
297 silly gunzTarPerm extractEntry nan_converters_pre_43_inl.h
298 silly gunzTarPerm modified mode [ 'nan_converters_pre_43_inl.h', 436, 438 ]
299 silly gunzTarPerm extractEntry nan_implementation_12_inl.h
300 silly gunzTarPerm modified mode [ 'nan_implementation_12_inl.h', 436, 438 ]
301 silly gunzTarPerm extractEntry nan_implementation_pre_12_inl.h
302 silly gunzTarPerm modified mode [ 'nan_implementation_pre_12_inl.h', 436, 438 ]
303 silly gunzTarPerm extractEntry nan_maybe_43_inl.h
304 silly gunzTarPerm modified mode [ 'nan_maybe_43_inl.h', 436, 438 ]
305 silly gunzTarPerm extractEntry nan_maybe_pre_43_inl.h
306 silly gunzTarPerm modified mode [ 'nan_maybe_pre_43_inl.h', 436, 438 ]
307 silly gunzTarPerm extractEntry nan_new.h
308 silly gunzTarPerm modified mode [ 'nan_new.h', 436, 438 ]
309 silly gunzTarPerm extractEntry nan_object_wrap.h
310 silly gunzTarPerm modified mode [ 'nan_object_wrap.h', 436, 438 ]
311 silly gunzTarPerm extractEntry nan_persistent_12_inl.h
312 silly gunzTarPerm modified mode [ 'nan_persistent_12_inl.h', 436, 438 ]
313 silly gunzTarPerm extractEntry nan_persistent_pre_12_inl.h
314 silly gunzTarPerm modified mode [ 'nan_persistent_pre_12_inl.h', 436, 438 ]
315 silly gunzTarPerm extractEntry nan_string_bytes.h
316 silly gunzTarPerm modified mode [ 'nan_string_bytes.h', 436, 438 ]
317 silly gunzTarPerm extractEntry nan_typedarray_contents.h
318 silly gunzTarPerm modified mode [ 'nan_typedarray_contents.h', 436, 438 ]
319 silly gunzTarPerm extractEntry nan_weak.h
320 silly gunzTarPerm modified mode [ 'nan_weak.h', 436, 438 ]
321 silly gunzTarPerm extractEntry CHANGELOG.md
322 silly gunzTarPerm modified mode [ 'CHANGELOG.md', 436, 438 ]
323 silly gunzTarPerm extractEntry tools/package.json
324 silly gunzTarPerm modified mode [ 'tools/package.json', 436, 438 ]
325 silly gunzTarPerm extractEntry tools/README.md
326 silly gunzTarPerm modified mode [ 'tools/README.md', 436, 438 ]
327 silly gunzTarPerm extractEntry tools/1to2.js
328 silly gunzTarPerm modified mode [ 'tools/1to2.js', 509, 511 ]
329 silly gentlyRm D:\Demo\Nodejs\shoutbox\node_modules\.staging\bcrypt-f32c671a\node_modules is being purged
330 verbose gentlyRm don't care about contents; nuking D:\Demo\Nodejs\shoutbox\node_modules\.staging\bcrypt-f32c671a\node_modules
331 silly gentlyRm D:\Demo\Nodejs\shoutbox\node_modules\.staging\nan-9859a8ab\node_modules is being purged
332 verbose gentlyRm don't care about contents; nuking D:\Demo\Nodejs\shoutbox\node_modules\.staging\nan-9859a8ab\node_modules
333 silly doParallel preinstall 3
334 silly preinstall bindings@1.2.1 D:\Demo\Nodejs\shoutbox\node_modules\.staging\bindings-e6301ed4
335 info lifecycle bindings@1.2.1~preinstall: bindings@1.2.1
336 silly preinstall nan@2.3.5 D:\Demo\Nodejs\shoutbox\node_modules\.staging\nan-9859a8ab
337 info lifecycle nan@2.3.5~preinstall: nan@2.3.5
338 silly preinstall bcrypt@0.8.7 D:\Demo\Nodejs\shoutbox\node_modules\.staging\bcrypt-f32c671a
339 info lifecycle bcrypt@0.8.7~preinstall: bcrypt@0.8.7
340 silly lifecycle bindings@1.2.1~preinstall: no script for preinstall, continuing
341 silly lifecycle nan@2.3.5~preinstall: no script for preinstall, continuing
342 silly lifecycle bcrypt@0.8.7~preinstall: no script for preinstall, continuing
343 silly doReverseSerial remove 0
344 silly doSerial move 0
345 silly doSerial finalize 3
346 silly finalize D:\Demo\Nodejs\shoutbox\node_modules\bindings
347 silly finalize D:\Demo\Nodejs\shoutbox\node_modules\nan
348 silly finalize D:\Demo\Nodejs\shoutbox\node_modules\bcrypt
349 silly doSerial build 3
350 silly build bindings@1.2.1
351 info linkStuff bindings@1.2.1
352 silly linkStuff bindings@1.2.1 has D:\Demo\Nodejs\shoutbox\node_modules as its parent node_modules
353 verbose linkBins bindings@1.2.1
354 verbose linkMans bindings@1.2.1
355 silly build nan@2.3.5
356 info linkStuff nan@2.3.5
357 silly linkStuff nan@2.3.5 has D:\Demo\Nodejs\shoutbox\node_modules as its parent node_modules
358 verbose linkBins nan@2.3.5
359 verbose linkMans nan@2.3.5
360 silly build bcrypt@0.8.7
361 info linkStuff bcrypt@0.8.7
362 silly linkStuff bcrypt@0.8.7 has D:\Demo\Nodejs\shoutbox\node_modules as its parent node_modules
363 verbose linkBins bcrypt@0.8.7
364 verbose linkMans bcrypt@0.8.7
365 silly doSerial global-link 0
366 silly doParallel update-linked 0
367 silly doSerial install 3
368 silly install bindings@1.2.1 D:\Demo\Nodejs\shoutbox\node_modules\.staging\bindings-e6301ed4
369 info lifecycle bindings@1.2.1~install: bindings@1.2.1
370 silly lifecycle bindings@1.2.1~install: no script for install, continuing
371 silly install nan@2.3.5 D:\Demo\Nodejs\shoutbox\node_modules\.staging\nan-9859a8ab
372 info lifecycle nan@2.3.5~install: nan@2.3.5
373 silly lifecycle nan@2.3.5~install: no script for install, continuing
374 silly install bcrypt@0.8.7 D:\Demo\Nodejs\shoutbox\node_modules\.staging\bcrypt-f32c671a
375 info lifecycle bcrypt@0.8.7~install: bcrypt@0.8.7
376 verbose lifecycle bcrypt@0.8.7~install: unsafe-perm in lifecycle true
377 verbose lifecycle bcrypt@0.8.7~install: PATH: C:\Program Files\nodejs\node_modules\npm\bin\node-gyp-bin;D:\Demo\Nodejs\shoutbox\node_modules\bcrypt\node_modules\.bin;D:\Demo\Nodejs\shoutbox\node_modules\.bin;C:\Program Files\nodejs;C:\Users\zhangpeng\bin;C:\Program Files\Git\mingw64\bin;C:\Program Files\Git\usr\local\bin;C:\Program Files\Git\usr\bin;C:\Program Files\Git\usr\bin;C:\Program Files\Git\mingw64\bin;C:\Program Files\Git\usr\bin;C:\Users\zhangpeng\bin;C:\Program Files\Docker\Docker\Resources\bin;C:\Program Files (x86)\Intel\iCLS Client;C:\Program Files\Intel\iCLS Client;C:\WINDOWS\system32;C:\WINDOWS;C:\WINDOWS\System32\Wbem;C:\WINDOWS\System32\WindowsPowerShell\v1.0;C:\Program Files (x86)\Intel\Intel(R) Management Engine Components\DAL;C:\Program Files\Intel\Intel(R) Management Engine Components\DAL;C:\Program Files (x86)\Intel\Intel(R) Management Engine Components\IPT;C:\Program Files\Intel\Intel(R) Management Engine Components\IPT;C:\Program Files (x86)\ATI Technologies\ATI.ACE\Core-Static;C:\Program Files\Intel\WiFi\bin;C:\Program Files\Common Files\Intel\WirelessCommon;C:\Program Files\nodejs;C:\Program Files\Git\cmd;D:\软件\cmder_mini;C:\Program Files\MongoDB\Server\3.2\bin;C:\Users\zhangpeng\AppData\Roaming\npm;%USERPROFILE%\AppData\Local\Microsoft\WindowsApps;C:\Program Files\Git\usr\bin\vendor_perl;C:\Program Files\Git\usr\bin\core_perl
378 verbose lifecycle bcrypt@0.8.7~install: CWD: D:\Demo\Nodejs\shoutbox\node_modules\bcrypt
379 silly lifecycle bcrypt@0.8.7~install: Args: [ '/d /s /c', 'node-gyp rebuild' ]
380 silly lifecycle bcrypt@0.8.7~install: Returned: code: 1  signal: null
381 info lifecycle bcrypt@0.8.7~install: Failed to exec install script
382 verbose unlock done using C:\Users\zhangpeng\AppData\Roaming\npm-cache\_locks\staging-cae44c4110afb2b3.lock for D:\Demo\Nodejs\shoutbox\node_modules\.staging
383 silly rollbackFailedOptional Starting
384 silly rollbackFailedOptional Finishing
385 silly runTopLevelLifecycles Starting
386 silly runTopLevelLifecycles Finishing
387 silly install printInstalled
388 verbose stack Error: bcrypt@0.8.7 install: `node-gyp rebuild`
388 verbose stack Exit status 1
388 verbose stack     at EventEmitter.<anonymous> (C:\Program Files\nodejs\node_modules\npm\lib\utils\lifecycle.js:242:16)
388 verbose stack     at emitTwo (events.js:106:13)
388 verbose stack     at EventEmitter.emit (events.js:191:7)
388 verbose stack     at ChildProcess.<anonymous> (C:\Program Files\nodejs\node_modules\npm\lib\utils\spawn.js:40:14)
388 verbose stack     at emitTwo (events.js:106:13)
388 verbose stack     at ChildProcess.emit (events.js:191:7)
388 verbose stack     at maybeClose (internal/child_process.js:852:16)
388 verbose stack     at Process.ChildProcess._handle.onexit (internal/child_process.js:215:5)
389 verbose pkgid bcrypt@0.8.7
390 verbose cwd D:\Demo\Nodejs\shoutbox
391 error Windows_NT 10.0.14393
392 error argv "C:\\Program Files\\nodejs\\node.exe" "C:\\Program Files\\nodejs\\node_modules\\npm\\bin\\npm-cli.js" "install" "bcrypt" "--save"
393 error node v6.3.1
394 error npm  v3.10.3
395 error code ELIFECYCLE
396 error bcrypt@0.8.7 install: `node-gyp rebuild`
396 error Exit status 1
397 error Failed at the bcrypt@0.8.7 install script 'node-gyp rebuild'.
397 error Make sure you have the latest version of node.js and npm installed.
397 error If you do, this is most likely a problem with the bcrypt package,
397 error not with npm itself.
397 error Tell the author that this fails on your system:
397 error     node-gyp rebuild
397 error You can get information on how to open an issue for this project with:
397 error     npm bugs bcrypt
397 error Or if that isn't available, you can get their info via:
397 error     npm owner ls bcrypt
397 error There is likely additional logging output above.
398 verbose exit [ 1, true ]
